
> pvs-v1@0.1.0 start
> react-scripts start

(node:21463) [DEP0176] DeprecationWarning: fs.F_OK is deprecated, use fs.constants.F_OK instead
(Use `node --trace-deprecation ...` to show where the warning was created)
(node:21463) [DEP_WEBPACK_DEV_SERVER_ON_AFTER_SETUP_MIDDLEWARE] DeprecationWarning: 'onAfterSetupMiddleware' option is deprecated. Please use the 'setupMiddlewares' option.
(node:21463) [DEP_WEBPACK_DEV_SERVER_ON_BEFORE_SETUP_MIDDLEWARE] DeprecationWarning: 'onBeforeSetupMiddleware' option is deprecated. Please use the 'setupMiddlewares' option.
Starting the development server...

Compiled with warnings.

Failed to parse source map from '/mnt/c/Users/RamRi/Documents/webdev/pvs-v1/node_modules/html2pdf.js/dist/es6-promise.map' file: Error: ENOENT: no such file or directory, open '/mnt/c/Users/RamRi/Documents/webdev/pvs-v1/node_modules/html2pdf.js/dist/es6-promise.map'

[eslint] 
src/App.js
  Line 3:60:    'useNavigate' is defined but never used                     no-unused-vars
  Line 4:39:    'signInWithEmailAndPassword' is defined but never used      no-unused-vars
  Line 4:67:    'createUserWithEmailAndPassword' is defined but never used  no-unused-vars
  Line 4:99:    'signOut' is defined but never used                         no-unused-vars
  Line 4:108:   'deleteUser' is defined but never used                      no-unused-vars
  Line 12:8:    'Signup' is defined but never used                          no-unused-vars
  Line 49:10:   'currentUser' is assigned a value but never used            no-unused-vars
  Line 821:15:  'batch' is assigned a value but never used                  no-unused-vars

src/components/AdminPortal.jsx
  Line 221:6:    React Hook useEffect has a missing dependency: 'debugUserData'. Either include it or remove the dependency array                                                                                                                                            react-hooks/exhaustive-deps
  Line 244:6:    React Hook useEffect has a missing dependency: 'fetchAllStations'. Either include it or remove the dependency array                                                                                                                                         react-hooks/exhaustive-deps
  Line 341:9:    'formatDate' is assigned a value but never used                                                                                                                                                                                                             no-unused-vars
  Line 457:8:    React Hook useEffect has an unnecessary dependency: 'firestoreOperations'. Either exclude it or remove the dependency array. Outer scope values like 'firestoreOperations' aren't valid dependencies because mutating them doesn't re-render the component  react-hooks/exhaustive-deps
  Line 1158:23:  'refreshStations' is assigned a value but never used                                                                                                                                                                                                        no-unused-vars
  Line 1160:27:  'newTotalStations' is assigned a value but never used                                                                                                                                                                                                       no-unused-vars
  Line 1459:8:   React Hook useEffect has an unnecessary dependency: 'firestoreOperations'. Either exclude it or remove the dependency array. Outer scope values like 'firestoreOperations' aren't valid dependencies because mutating them doesn't re-render the component  react-hooks/exhaustive-deps
  Line 1668:8:   React Hook useEffect has an unnecessary dependency: 'firestoreOperations'. Either exclude it or remove the dependency array. Outer scope values like 'firestoreOperations' aren't valid dependencies because mutating them doesn't re-render the component  react-hooks/exhaustive-deps
  Line 2040:8:   React Hook useEffect has a missing dependency: 'logsPerPage'. Either include it or remove the dependency array. Outer scope values like 'firestoreOperations' aren't valid dependencies because mutating them doesn't re-render the component               react-hooks/exhaustive-deps
  Line 2779:21:  'refreshStations' is assigned a value but never used                                                                                                                                                                                                        no-unused-vars

src/components/Dashboard.jsx
  Line 4:19:    'signOut' is defined but never used                                                                                 no-unused-vars
  Line 8:5:     'Users' is defined but never used                                                                                   no-unused-vars
  Line 9:5:     'Truck' is defined but never used                                                                                   no-unused-vars
  Line 12:5:    'Building' is defined but never used                                                                                no-unused-vars
  Line 13:5:    'FileSpreadsheet' is defined but never used                                                                         no-unused-vars
  Line 14:5:    'User' is defined but never used                                                                                    no-unused-vars
  Line 15:5:    'ArrowLeft' is defined but never used                                                                               no-unused-vars
  Line 17:5:    'Edit3' is defined but never used                                                                                   no-unused-vars
  Line 132:8:   React Hook useEffect has a missing dependency: 'selectedStation'. Either include it or remove the dependency array  react-hooks/exhaustive-deps
  Line 206:11:  'getTodayLog' is assigned a value but never used                                                                    no-unused-vars
  Line 219:11:  'continueToday' is assigned a value but never used                                                                  no-unused-vars

src/components/Layout.js
  Line 5:10:  'getFirestore' is defined but never used                                                                                                                                                                                                                                     no-unused-vars
  Line 5:24:  'collection' is defined but never used                                                                                                                                                                                                                                       no-unused-vars
  Line 5:36:  'query' is defined but never used                                                                                                                                                                                                                                            no-unused-vars
  Line 5:43:  'where' is defined but never used                                                                                                                                                                                                                                            no-unused-vars
  Line 5:50:  'getDocs' is defined but never used                                                                                                                                                                                                                                          no-unused-vars
  Line 97:6:  React Hook useEffect has missing dependencies: 'selectedStation' and 'setSelectedStation'. Either include them or remove the dependency array. If 'setSelectedStation' changes too often, find the parent component that defines it and wrap that definition in useCallback  react-hooks/exhaustive-deps

src/components/Login.jsx
  Line 3:10:    'Link' is defined but never used                                                                                                                                                                                                                                                                                                                                   no-unused-vars
  Line 279:15:  The href attribute requires a valid value to be accessible. Provide a valid, navigable address as the href value. If you cannot provide a valid href, but still need the element to resemble a link, use a button and change it with appropriate styles. Learn more: https://github.com/jsx-eslint/eslint-plugin-jsx-a11y/blob/HEAD/docs/rules/anchor-is-valid.md  jsx-a11y/anchor-is-valid

src/components/NewActivityModal.jsx
  Line 6:3:   'FileSpreadsheet' is defined but never used  no-unused-vars
  Line 7:3:   'Truck' is defined but never used            no-unused-vars
  Line 8:3:   'Clipboard' is defined but never used        no-unused-vars
  Line 9:3:   'Users' is defined but never used            no-unused-vars
  Line 10:3:  'FileText' is defined but never used         no-unused-vars
  Line 11:3:  'MoreHorizontal' is defined but never used   no-unused-vars

src/components/NotificationRecipientsSectionNew.jsx
  Line 20:10:   'firestoreStations' is assigned a value but never used                                        no-unused-vars
  Line 566:97:  Unexpected mix of '&&' and '||'. Use parentheses to clarify the intended order of operations  no-mixed-operators
  Line 589:22:  Unexpected mix of '&&' and '||'. Use parentheses to clarify the intended order of operations  no-mixed-operators

src/components/ReportDetail.jsx
  Line 18:8:    'html2pdf' is defined but never used              no-unused-vars
  Line 167:13:  'addTitle' is assigned a value but never used     no-unused-vars
  Line 174:13:  'addSubtitle' is assigned a value but never used  no-unused-vars
  Line 199:13:  'addListItem' is assigned a value but never used  no-unused-vars

src/components/Reports.jsx
  Line 13:3:   'Filter' is defined but never used                                                                              no-unused-vars
  Line 19:3:   'FileText' is defined but never used                                                                            no-unused-vars
  Line 192:6:  React Hook useEffect has a missing dependency: 'logsPerPage'. Either include it or remove the dependency array  react-hooks/exhaustive-deps

src/components/SimpleGARAssessment.jsx
  Line 4:10:     'Calendar' is defined but never used                                                                                                                                                  no-unused-vars
  Line 116:10:   'userProfile' is assigned a value but never used                                                                                                                                      no-unused-vars
  Line 124:10:   'filteredUsers' is assigned a value but never used                                                                                                                                    no-unused-vars
  Line 125:31:   'setRecipientSearchTerm' is assigned a value but never used                                                                                                                           no-unused-vars
  Line 126:33:   'setSelectedStationFilter' is assigned a value but never used                                                                                                                         no-unused-vars
  Line 127:30:   'setSelectedRankFilter' is assigned a value but never used                                                                                                                            no-unused-vars
  Line 212:6:    React Hook useEffect has missing dependencies: 'fetchAssessments', 'loadAssessmentById', and 'selectedStation'. Either include them or remove the dependency array                    react-hooks/exhaustive-deps
  Line 515:6:    React Hook useEffect has missing dependencies: 'fetchAssessments', 'loading', and 'selectedStation'. Either include them or remove the dependency array                               react-hooks/exhaustive-deps
  Line 727:6:    React Hook useEffect has a missing dependency: 'filterUsers'. Either include it or remove the dependency array                                                                        react-hooks/exhaustive-deps
  Line 793:6:    React Hook useEffect has missing dependencies: 'fetchAssessments', 'fetchStations', 'handleStationChange', and 'selectedStation'. Either include them or remove the dependency array  react-hooks/exhaustive-deps
  Line 823:6:    React Hook useEffect has a missing dependency: 'assessmentData'. Either include it or remove the dependency array                                                                     react-hooks/exhaustive-deps
  Line 1339:9:   'toggleRecipientGroup' is assigned a value but never used                                                                                                                             no-unused-vars
  Line 1371:9:   'toggleUserSelection' is assigned a value but never used                                                                                                                              no-unused-vars
  Line 1421:9:   'isUserSelected' is assigned a value but never used                                                                                                                                   no-unused-vars
  Line 1575:13:  'sendNotifications' is assigned a value but never used                                                                                                                                no-unused-vars
  Line 2248:9:   'RiskFactor' is assigned a value but never used                                                                                                                                       no-unused-vars

src/components/TodayLog.jsx
  Line 13:3:   'Calendar' is defined but never used                                                                                    no-unused-vars
  Line 18:3:   'Building' is defined but never used                                                                                    no-unused-vars
  Line 21:3:   'Edit3' is defined but never used                                                                                       no-unused-vars
  Line 24:3:   'Mic' is defined but never used                                                                                         no-unused-vars
  Line 25:3:   'Lock' is defined but never used                                                                                        no-unused-vars
  Line 261:6:  React Hook useEffect has a missing dependency: 'handleStationChange'. Either include it or remove the dependency array  react-hooks/exhaustive-deps

src/components/modals/StationModal.jsx
  Line 3:13:  'Plus' is defined but never used   no-unused-vars
  Line 3:19:  'Trash' is defined but never used  no-unused-vars

src/components/modals/UserModal.jsx
  Line 29:9:  'permissions' is assigned a value but never used             no-unused-vars
  Line 36:9:  'handlePermissionChange' is assigned a value but never used  no-unused-vars

src/utils/emailService.js
  Line 237:1:  Assign object to a variable before exporting as module default  import/no-anonymous-default-export

Search for the keywords to learn more about each warning.
To ignore, add // eslint-disable-next-line to the line before.

WARNING in ./node_modules/html2pdf.js/dist/html2pdf.js
Module Warning (from ./node_modules/source-map-loader/dist/cjs.js):
Failed to parse source map from '/mnt/c/Users/RamRi/Documents/webdev/pvs-v1/node_modules/html2pdf.js/dist/es6-promise.map' file: Error: ENOENT: no such file or directory, open '/mnt/c/Users/RamRi/Documents/webdev/pvs-v1/node_modules/html2pdf.js/dist/es6-promise.map'

WARNING in [eslint] 
src/App.js
  Line 3:60:    'useNavigate' is defined but never used                     no-unused-vars
  Line 4:39:    'signInWithEmailAndPassword' is defined but never used      no-unused-vars
  Line 4:67:    'createUserWithEmailAndPassword' is defined but never used  no-unused-vars
  Line 4:99:    'signOut' is defined but never used                         no-unused-vars
  Line 4:108:   'deleteUser' is defined but never used                      no-unused-vars
  Line 12:8:    'Signup' is defined but never used                          no-unused-vars
  Line 49:10:   'currentUser' is assigned a value but never used            no-unused-vars
  Line 821:15:  'batch' is assigned a value but never used                  no-unused-vars

src/components/AdminPortal.jsx
  Line 221:6:    React Hook useEffect has a missing dependency: 'debugUserData'. Either include it or remove the dependency array                                                                                                                                            react-hooks/exhaustive-deps
  Line 244:6:    React Hook useEffect has a missing dependency: 'fetchAllStations'. Either include it or remove the dependency array                                                                                                                                         react-hooks/exhaustive-deps
  Line 341:9:    'formatDate' is assigned a value but never used                                                                                                                                                                                                             no-unused-vars
  Line 457:8:    React Hook useEffect has an unnecessary dependency: 'firestoreOperations'. Either exclude it or remove the dependency array. Outer scope values like 'firestoreOperations' aren't valid dependencies because mutating them doesn't re-render the component  react-hooks/exhaustive-deps
  Line 1158:23:  'refreshStations' is assigned a value but never used                                                                                                                                                                                                        no-unused-vars
  Line 1160:27:  'newTotalStations' is assigned a value but never used                                                                                                                                                                                                       no-unused-vars
  Line 1459:8:   React Hook useEffect has an unnecessary dependency: 'firestoreOperations'. Either exclude it or remove the dependency array. Outer scope values like 'firestoreOperations' aren't valid dependencies because mutating them doesn't re-render the component  react-hooks/exhaustive-deps
  Line 1668:8:   React Hook useEffect has an unnecessary dependency: 'firestoreOperations'. Either exclude it or remove the dependency array. Outer scope values like 'firestoreOperations' aren't valid dependencies because mutating them doesn't re-render the component  react-hooks/exhaustive-deps
  Line 2040:8:   React Hook useEffect has a missing dependency: 'logsPerPage'. Either include it or remove the dependency array. Outer scope values like 'firestoreOperations' aren't valid dependencies because mutating them doesn't re-render the component               react-hooks/exhaustive-deps
  Line 2779:21:  'refreshStations' is assigned a value but never used                                                                                                                                                                                                        no-unused-vars

src/components/Dashboard.jsx
  Line 4:19:    'signOut' is defined but never used                                                                                 no-unused-vars
  Line 8:5:     'Users' is defined but never used                                                                                   no-unused-vars
  Line 9:5:     'Truck' is defined but never used                                                                                   no-unused-vars
  Line 12:5:    'Building' is defined but never used                                                                                no-unused-vars
  Line 13:5:    'FileSpreadsheet' is defined but never used                                                                         no-unused-vars
  Line 14:5:    'User' is defined but never used                                                                                    no-unused-vars
  Line 15:5:    'ArrowLeft' is defined but never used                                                                               no-unused-vars
  Line 17:5:    'Edit3' is defined but never used                                                                                   no-unused-vars
  Line 132:8:   React Hook useEffect has a missing dependency: 'selectedStation'. Either include it or remove the dependency array  react-hooks/exhaustive-deps
  Line 206:11:  'getTodayLog' is assigned a value but never used                                                                    no-unused-vars
  Line 219:11:  'continueToday' is assigned a value but never used                                                                  no-unused-vars

src/components/Layout.js
  Line 5:10:  'getFirestore' is defined but never used                                                                                                                                                                                                                                     no-unused-vars
  Line 5:24:  'collection' is defined but never used                                                                                                                                                                                                                                       no-unused-vars
  Line 5:36:  'query' is defined but never used                                                                                                                                                                                                                                            no-unused-vars
  Line 5:43:  'where' is defined but never used                                                                                                                                                                                                                                            no-unused-vars
  Line 5:50:  'getDocs' is defined but never used                                                                                                                                                                                                                                          no-unused-vars
  Line 97:6:  React Hook useEffect has missing dependencies: 'selectedStation' and 'setSelectedStation'. Either include them or remove the dependency array. If 'setSelectedStation' changes too often, find the parent component that defines it and wrap that definition in useCallback  react-hooks/exhaustive-deps

src/components/Login.jsx
  Line 3:10:    'Link' is defined but never used                                                                                                                                                                                                                                                                                                                                   no-unused-vars
  Line 279:15:  The href attribute requires a valid value to be accessible. Provide a valid, navigable address as the href value. If you cannot provide a valid href, but still need the element to resemble a link, use a button and change it with appropriate styles. Learn more: https://github.com/jsx-eslint/eslint-plugin-jsx-a11y/blob/HEAD/docs/rules/anchor-is-valid.md  jsx-a11y/anchor-is-valid

src/components/NewActivityModal.jsx
  Line 6:3:   'FileSpreadsheet' is defined but never used  no-unused-vars
  Line 7:3:   'Truck' is defined but never used            no-unused-vars
  Line 8:3:   'Clipboard' is defined but never used        no-unused-vars
  Line 9:3:   'Users' is defined but never used            no-unused-vars
  Line 10:3:  'FileText' is defined but never used         no-unused-vars
  Line 11:3:  'MoreHorizontal' is defined but never used   no-unused-vars

src/components/NotificationRecipientsSectionNew.jsx
  Line 20:10:   'firestoreStations' is assigned a value but never used                                        no-unused-vars
  Line 566:97:  Unexpected mix of '&&' and '||'. Use parentheses to clarify the intended order of operations  no-mixed-operators
  Line 589:22:  Unexpected mix of '&&' and '||'. Use parentheses to clarify the intended order of operations  no-mixed-operators

src/components/ReportDetail.jsx
  Line 18:8:    'html2pdf' is defined but never used              no-unused-vars
  Line 167:13:  'addTitle' is assigned a value but never used     no-unused-vars
  Line 174:13:  'addSubtitle' is assigned a value but never used  no-unused-vars
  Line 199:13:  'addListItem' is assigned a value but never used  no-unused-vars

src/components/Reports.jsx
  Line 13:3:   'Filter' is defined but never used                                                                              no-unused-vars
  Line 19:3:   'FileText' is defined but never used                                                                            no-unused-vars
  Line 192:6:  React Hook useEffect has a missing dependency: 'logsPerPage'. Either include it or remove the dependency array  react-hooks/exhaustive-deps

src/components/SimpleGARAssessment.jsx
  Line 4:10:     'Calendar' is defined but never used                                                                                                                                                  no-unused-vars
  Line 116:10:   'userProfile' is assigned a value but never used                                                                                                                                      no-unused-vars
  Line 124:10:   'filteredUsers' is assigned a value but never used                                                                                                                                    no-unused-vars
  Line 125:31:   'setRecipientSearchTerm' is assigned a value but never used                                                                                                                           no-unused-vars
  Line 126:33:   'setSelectedStationFilter' is assigned a value but never used                                                                                                                         no-unused-vars
  Line 127:30:   'setSelectedRankFilter' is assigned a value but never used                                                                                                                            no-unused-vars
  Line 212:6:    React Hook useEffect has missing dependencies: 'fetchAssessments', 'loadAssessmentById', and 'selectedStation'. Either include them or remove the dependency array                    react-hooks/exhaustive-deps
  Line 515:6:    React Hook useEffect has missing dependencies: 'fetchAssessments', 'loading', and 'selectedStation'. Either include them or remove the dependency array                               react-hooks/exhaustive-deps
  Line 727:6:    React Hook useEffect has a missing dependency: 'filterUsers'. Either include it or remove the dependency array                                                                        react-hooks/exhaustive-deps
  Line 793:6:    React Hook useEffect has missing dependencies: 'fetchAssessments', 'fetchStations', 'handleStationChange', and 'selectedStation'. Either include them or remove the dependency array  react-hooks/exhaustive-deps
  Line 823:6:    React Hook useEffect has a missing dependency: 'assessmentData'. Either include it or remove the dependency array                                                                     react-hooks/exhaustive-deps
  Line 1339:9:   'toggleRecipientGroup' is assigned a value but never used                                                                                                                             no-unused-vars
  Line 1371:9:   'toggleUserSelection' is assigned a value but never used                                                                                                                              no-unused-vars
  Line 1421:9:   'isUserSelected' is assigned a value but never used                                                                                                                                   no-unused-vars
  Line 1575:13:  'sendNotifications' is assigned a value but never used                                                                                                                                no-unused-vars
  Line 2248:9:   'RiskFactor' is assigned a value but never used                                                                                                                                       no-unused-vars

src/components/TodayLog.jsx
  Line 13:3:   'Calendar' is defined but never used                                                                                    no-unused-vars
  Line 18:3:   'Building' is defined but never used                                                                                    no-unused-vars
  Line 21:3:   'Edit3' is defined but never used                                                                                       no-unused-vars
  Line 24:3:   'Mic' is defined but never used                                                                                         no-unused-vars
  Line 25:3:   'Lock' is defined but never used                                                                                        no-unused-vars
  Line 261:6:  React Hook useEffect has a missing dependency: 'handleStationChange'. Either include it or remove the dependency array  react-hooks/exhaustive-deps

src/components/modals/StationModal.jsx
  Line 3:13:  'Plus' is defined but never used   no-unused-vars
  Line 3:19:  'Trash' is defined but never used  no-unused-vars

src/components/modals/UserModal.jsx
  Line 29:9:  'permissions' is assigned a value but never used             no-unused-vars
  Line 36:9:  'handlePermissionChange' is assigned a value but never used  no-unused-vars

src/utils/emailService.js
  Line 237:1:  Assign object to a variable before exporting as module default  import/no-anonymous-default-export

webpack compiled with 2 warnings
Compiling...
Compiled with warnings.

Failed to parse source map from '/mnt/c/Users/RamRi/Documents/webdev/pvs-v1/node_modules/html2pdf.js/dist/es6-promise.map' file: Error: ENOENT: no such file or directory, open '/mnt/c/Users/RamRi/Documents/webdev/pvs-v1/node_modules/html2pdf.js/dist/es6-promise.map'

[eslint] 
src/App.js
  Line 3:60:    'useNavigate' is defined but never used                     no-unused-vars
  Line 4:39:    'signInWithEmailAndPassword' is defined but never used      no-unused-vars
  Line 4:67:    'createUserWithEmailAndPassword' is defined but never used  no-unused-vars
  Line 4:99:    'signOut' is defined but never used                         no-unused-vars
  Line 4:108:   'deleteUser' is defined but never used                      no-unused-vars
  Line 12:8:    'Signup' is defined but never used                          no-unused-vars
  Line 49:10:   'currentUser' is assigned a value but never used            no-unused-vars
  Line 821:15:  'batch' is assigned a value but never used                  no-unused-vars

src/components/AdminPortal.jsx
  Line 221:6:    React Hook useEffect has a missing dependency: 'debugUserData'. Either include it or remove the dependency array                                                                                                                                            react-hooks/exhaustive-deps
  Line 244:6:    React Hook useEffect has a missing dependency: 'fetchAllStations'. Either include it or remove the dependency array                                                                                                                                         react-hooks/exhaustive-deps
  Line 341:9:    'formatDate' is assigned a value but never used                                                                                                                                                                                                             no-unused-vars
  Line 457:8:    React Hook useEffect has an unnecessary dependency: 'firestoreOperations'. Either exclude it or remove the dependency array. Outer scope values like 'firestoreOperations' aren't valid dependencies because mutating them doesn't re-render the component  react-hooks/exhaustive-deps
  Line 1158:23:  'refreshStations' is assigned a value but never used                                                                                                                                                                                                        no-unused-vars
  Line 1160:27:  'newTotalStations' is assigned a value but never used                                                                                                                                                                                                       no-unused-vars
  Line 1459:8:   React Hook useEffect has an unnecessary dependency: 'firestoreOperations'. Either exclude it or remove the dependency array. Outer scope values like 'firestoreOperations' aren't valid dependencies because mutating them doesn't re-render the component  react-hooks/exhaustive-deps
  Line 1668:8:   React Hook useEffect has an unnecessary dependency: 'firestoreOperations'. Either exclude it or remove the dependency array. Outer scope values like 'firestoreOperations' aren't valid dependencies because mutating them doesn't re-render the component  react-hooks/exhaustive-deps
  Line 2040:8:   React Hook useEffect has a missing dependency: 'logsPerPage'. Either include it or remove the dependency array. Outer scope values like 'firestoreOperations' aren't valid dependencies because mutating them doesn't re-render the component               react-hooks/exhaustive-deps
  Line 2779:21:  'refreshStations' is assigned a value but never used                                                                                                                                                                                                        no-unused-vars

src/components/Dashboard.jsx
  Line 4:19:    'signOut' is defined but never used                                                                                 no-unused-vars
  Line 8:5:     'Users' is defined but never used                                                                                   no-unused-vars
  Line 9:5:     'Truck' is defined but never used                                                                                   no-unused-vars
  Line 12:5:    'Building' is defined but never used                                                                                no-unused-vars
  Line 13:5:    'FileSpreadsheet' is defined but never used                                                                         no-unused-vars
  Line 14:5:    'User' is defined but never used                                                                                    no-unused-vars
  Line 15:5:    'ArrowLeft' is defined but never used                                                                               no-unused-vars
  Line 17:5:    'Edit3' is defined but never used                                                                                   no-unused-vars
  Line 132:8:   React Hook useEffect has a missing dependency: 'selectedStation'. Either include it or remove the dependency array  react-hooks/exhaustive-deps
  Line 206:11:  'getTodayLog' is assigned a value but never used                                                                    no-unused-vars
  Line 219:11:  'continueToday' is assigned a value but never used                                                                  no-unused-vars

src/components/Layout.js
  Line 5:10:  'getFirestore' is defined but never used                                                                                                                                                                                                                                     no-unused-vars
  Line 5:24:  'collection' is defined but never used                                                                                                                                                                                                                                       no-unused-vars
  Line 5:36:  'query' is defined but never used                                                                                                                                                                                                                                            no-unused-vars
  Line 5:43:  'where' is defined but never used                                                                                                                                                                                                                                            no-unused-vars
  Line 5:50:  'getDocs' is defined but never used                                                                                                                                                                                                                                          no-unused-vars
  Line 97:6:  React Hook useEffect has missing dependencies: 'selectedStation' and 'setSelectedStation'. Either include them or remove the dependency array. If 'setSelectedStation' changes too often, find the parent component that defines it and wrap that definition in useCallback  react-hooks/exhaustive-deps

src/components/Login.jsx
  Line 3:10:    'Link' is defined but never used                                                                                                                                                                                                                                                                                                                                   no-unused-vars
  Line 279:15:  The href attribute requires a valid value to be accessible. Provide a valid, navigable address as the href value. If you cannot provide a valid href, but still need the element to resemble a link, use a button and change it with appropriate styles. Learn more: https://github.com/jsx-eslint/eslint-plugin-jsx-a11y/blob/HEAD/docs/rules/anchor-is-valid.md  jsx-a11y/anchor-is-valid

src/components/NewActivityModal.jsx
  Line 6:3:   'FileSpreadsheet' is defined but never used  no-unused-vars
  Line 7:3:   'Truck' is defined but never used            no-unused-vars
  Line 8:3:   'Clipboard' is defined but never used        no-unused-vars
  Line 9:3:   'Users' is defined but never used            no-unused-vars
  Line 10:3:  'FileText' is defined but never used         no-unused-vars
  Line 11:3:  'MoreHorizontal' is defined but never used   no-unused-vars

src/components/NotificationRecipientsSectionNew.jsx
  Line 20:10:   'firestoreStations' is assigned a value but never used                                        no-unused-vars
  Line 566:97:  Unexpected mix of '&&' and '||'. Use parentheses to clarify the intended order of operations  no-mixed-operators
  Line 589:22:  Unexpected mix of '&&' and '||'. Use parentheses to clarify the intended order of operations  no-mixed-operators

src/components/ReportDetail.jsx
  Line 18:8:    'html2pdf' is defined but never used              no-unused-vars
  Line 167:13:  'addTitle' is assigned a value but never used     no-unused-vars
  Line 174:13:  'addSubtitle' is assigned a value but never used  no-unused-vars
  Line 199:13:  'addListItem' is assigned a value but never used  no-unused-vars

src/components/Reports.jsx
  Line 13:3:   'Filter' is defined but never used                                                                              no-unused-vars
  Line 19:3:   'FileText' is defined but never used                                                                            no-unused-vars
  Line 192:6:  React Hook useEffect has a missing dependency: 'logsPerPage'. Either include it or remove the dependency array  react-hooks/exhaustive-deps

src/components/SimpleGARAssessment.jsx
  Line 4:10:     'Calendar' is defined but never used                                                                                                                                                  no-unused-vars
  Line 116:10:   'userProfile' is assigned a value but never used                                                                                                                                      no-unused-vars
  Line 124:10:   'filteredUsers' is assigned a value but never used                                                                                                                                    no-unused-vars
  Line 125:31:   'setRecipientSearchTerm' is assigned a value but never used                                                                                                                           no-unused-vars
  Line 126:33:   'setSelectedStationFilter' is assigned a value but never used                                                                                                                         no-unused-vars
  Line 127:30:   'setSelectedRankFilter' is assigned a value but never used                                                                                                                            no-unused-vars
  Line 212:6:    React Hook useEffect has missing dependencies: 'fetchAssessments', 'loadAssessmentById', and 'selectedStation'. Either include them or remove the dependency array                    react-hooks/exhaustive-deps
  Line 515:6:    React Hook useEffect has missing dependencies: 'fetchAssessments', 'loading', and 'selectedStation'. Either include them or remove the dependency array                               react-hooks/exhaustive-deps
  Line 727:6:    React Hook useEffect has a missing dependency: 'filterUsers'. Either include it or remove the dependency array                                                                        react-hooks/exhaustive-deps
  Line 793:6:    React Hook useEffect has missing dependencies: 'fetchAssessments', 'fetchStations', 'handleStationChange', and 'selectedStation'. Either include them or remove the dependency array  react-hooks/exhaustive-deps
  Line 823:6:    React Hook useEffect has a missing dependency: 'assessmentData'. Either include it or remove the dependency array                                                                     react-hooks/exhaustive-deps
  Line 1339:9:   'toggleRecipientGroup' is assigned a value but never used                                                                                                                             no-unused-vars
  Line 1371:9:   'toggleUserSelection' is assigned a value but never used                                                                                                                              no-unused-vars
  Line 1421:9:   'isUserSelected' is assigned a value but never used                                                                                                                                   no-unused-vars
  Line 1575:13:  'sendNotifications' is assigned a value but never used                                                                                                                                no-unused-vars
  Line 2248:9:   'RiskFactor' is assigned a value but never used                                                                                                                                       no-unused-vars

src/components/TodayLog.jsx
  Line 13:3:   'Calendar' is defined but never used                                                                                    no-unused-vars
  Line 18:3:   'Building' is defined but never used                                                                                    no-unused-vars
  Line 21:3:   'Edit3' is defined but never used                                                                                       no-unused-vars
  Line 24:3:   'Mic' is defined but never used                                                                                         no-unused-vars
  Line 25:3:   'Lock' is defined but never used                                                                                        no-unused-vars
  Line 261:6:  React Hook useEffect has a missing dependency: 'handleStationChange'. Either include it or remove the dependency array  react-hooks/exhaustive-deps

src/components/modals/StationModal.jsx
  Line 3:13:  'Plus' is defined but never used   no-unused-vars
  Line 3:19:  'Trash' is defined but never used  no-unused-vars

src/components/modals/UserModal.jsx
  Line 29:9:  'permissions' is assigned a value but never used             no-unused-vars
  Line 36:9:  'handlePermissionChange' is assigned a value but never used  no-unused-vars

src/utils/emailService.js
  Line 237:1:  Assign object to a variable before exporting as module default  import/no-anonymous-default-export

Search for the keywords to learn more about each warning.
To ignore, add // eslint-disable-next-line to the line before.

WARNING in ./node_modules/html2pdf.js/dist/html2pdf.js
Module Warning (from ./node_modules/source-map-loader/dist/cjs.js):
Failed to parse source map from '/mnt/c/Users/RamRi/Documents/webdev/pvs-v1/node_modules/html2pdf.js/dist/es6-promise.map' file: Error: ENOENT: no such file or directory, open '/mnt/c/Users/RamRi/Documents/webdev/pvs-v1/node_modules/html2pdf.js/dist/es6-promise.map'

WARNING in [eslint] 
src/App.js
  Line 3:60:    'useNavigate' is defined but never used                     no-unused-vars
  Line 4:39:    'signInWithEmailAndPassword' is defined but never used      no-unused-vars
  Line 4:67:    'createUserWithEmailAndPassword' is defined but never used  no-unused-vars
  Line 4:99:    'signOut' is defined but never used                         no-unused-vars
  Line 4:108:   'deleteUser' is defined but never used                      no-unused-vars
  Line 12:8:    'Signup' is defined but never used                          no-unused-vars
  Line 49:10:   'currentUser' is assigned a value but never used            no-unused-vars
  Line 821:15:  'batch' is assigned a value but never used                  no-unused-vars

src/components/AdminPortal.jsx
  Line 221:6:    React Hook useEffect has a missing dependency: 'debugUserData'. Either include it or remove the dependency array                                                                                                                                            react-hooks/exhaustive-deps
  Line 244:6:    React Hook useEffect has a missing dependency: 'fetchAllStations'. Either include it or remove the dependency array                                                                                                                                         react-hooks/exhaustive-deps
  Line 341:9:    'formatDate' is assigned a value but never used                                                                                                                                                                                                             no-unused-vars
  Line 457:8:    React Hook useEffect has an unnecessary dependency: 'firestoreOperations'. Either exclude it or remove the dependency array. Outer scope values like 'firestoreOperations' aren't valid dependencies because mutating them doesn't re-render the component  react-hooks/exhaustive-deps
  Line 1158:23:  'refreshStations' is assigned a value but never used                                                                                                                                                                                                        no-unused-vars
  Line 1160:27:  'newTotalStations' is assigned a value but never used                                                                                                                                                                                                       no-unused-vars
  Line 1459:8:   React Hook useEffect has an unnecessary dependency: 'firestoreOperations'. Either exclude it or remove the dependency array. Outer scope values like 'firestoreOperations' aren't valid dependencies because mutating them doesn't re-render the component  react-hooks/exhaustive-deps
  Line 1668:8:   React Hook useEffect has an unnecessary dependency: 'firestoreOperations'. Either exclude it or remove the dependency array. Outer scope values like 'firestoreOperations' aren't valid dependencies because mutating them doesn't re-render the component  react-hooks/exhaustive-deps
  Line 2040:8:   React Hook useEffect has a missing dependency: 'logsPerPage'. Either include it or remove the dependency array. Outer scope values like 'firestoreOperations' aren't valid dependencies because mutating them doesn't re-render the component               react-hooks/exhaustive-deps
  Line 2779:21:  'refreshStations' is assigned a value but never used                                                                                                                                                                                                        no-unused-vars

src/components/Dashboard.jsx
  Line 4:19:    'signOut' is defined but never used                                                                                 no-unused-vars
  Line 8:5:     'Users' is defined but never used                                                                                   no-unused-vars
  Line 9:5:     'Truck' is defined but never used                                                                                   no-unused-vars
  Line 12:5:    'Building' is defined but never used                                                                                no-unused-vars
  Line 13:5:    'FileSpreadsheet' is defined but never used                                                                         no-unused-vars
  Line 14:5:    'User' is defined but never used                                                                                    no-unused-vars
  Line 15:5:    'ArrowLeft' is defined but never used                                                                               no-unused-vars
  Line 17:5:    'Edit3' is defined but never used                                                                                   no-unused-vars
  Line 132:8:   React Hook useEffect has a missing dependency: 'selectedStation'. Either include it or remove the dependency array  react-hooks/exhaustive-deps
  Line 206:11:  'getTodayLog' is assigned a value but never used                                                                    no-unused-vars
  Line 219:11:  'continueToday' is assigned a value but never used                                                                  no-unused-vars

src/components/Layout.js
  Line 5:10:  'getFirestore' is defined but never used                                                                                                                                                                                                                                     no-unused-vars
  Line 5:24:  'collection' is defined but never used                                                                                                                                                                                                                                       no-unused-vars
  Line 5:36:  'query' is defined but never used                                                                                                                                                                                                                                            no-unused-vars
  Line 5:43:  'where' is defined but never used                                                                                                                                                                                                                                            no-unused-vars
  Line 5:50:  'getDocs' is defined but never used                                                                                                                                                                                                                                          no-unused-vars
  Line 97:6:  React Hook useEffect has missing dependencies: 'selectedStation' and 'setSelectedStation'. Either include them or remove the dependency array. If 'setSelectedStation' changes too often, find the parent component that defines it and wrap that definition in useCallback  react-hooks/exhaustive-deps

src/components/Login.jsx
  Line 3:10:    'Link' is defined but never used                                                                                                                                                                                                                                                                                                                                   no-unused-vars
  Line 279:15:  The href attribute requires a valid value to be accessible. Provide a valid, navigable address as the href value. If you cannot provide a valid href, but still need the element to resemble a link, use a button and change it with appropriate styles. Learn more: https://github.com/jsx-eslint/eslint-plugin-jsx-a11y/blob/HEAD/docs/rules/anchor-is-valid.md  jsx-a11y/anchor-is-valid

src/components/NewActivityModal.jsx
  Line 6:3:   'FileSpreadsheet' is defined but never used  no-unused-vars
  Line 7:3:   'Truck' is defined but never used            no-unused-vars
  Line 8:3:   'Clipboard' is defined but never used        no-unused-vars
  Line 9:3:   'Users' is defined but never used            no-unused-vars
  Line 10:3:  'FileText' is defined but never used         no-unused-vars
  Line 11:3:  'MoreHorizontal' is defined but never used   no-unused-vars

src/components/NotificationRecipientsSectionNew.jsx
  Line 20:10:   'firestoreStations' is assigned a value but never used                                        no-unused-vars
  Line 566:97:  Unexpected mix of '&&' and '||'. Use parentheses to clarify the intended order of operations  no-mixed-operators
  Line 589:22:  Unexpected mix of '&&' and '||'. Use parentheses to clarify the intended order of operations  no-mixed-operators

src/components/ReportDetail.jsx
  Line 18:8:    'html2pdf' is defined but never used              no-unused-vars
  Line 167:13:  'addTitle' is assigned a value but never used     no-unused-vars
  Line 174:13:  'addSubtitle' is assigned a value but never used  no-unused-vars
  Line 199:13:  'addListItem' is assigned a value but never used  no-unused-vars

src/components/Reports.jsx
  Line 13:3:   'Filter' is defined but never used                                                                              no-unused-vars
  Line 19:3:   'FileText' is defined but never used                                                                            no-unused-vars
  Line 192:6:  React Hook useEffect has a missing dependency: 'logsPerPage'. Either include it or remove the dependency array  react-hooks/exhaustive-deps

src/components/SimpleGARAssessment.jsx
  Line 4:10:     'Calendar' is defined but never used                                                                                                                                                  no-unused-vars
  Line 116:10:   'userProfile' is assigned a value but never used                                                                                                                                      no-unused-vars
  Line 124:10:   'filteredUsers' is assigned a value but never used                                                                                                                                    no-unused-vars
  Line 125:31:   'setRecipientSearchTerm' is assigned a value but never used                                                                                                                           no-unused-vars
  Line 126:33:   'setSelectedStationFilter' is assigned a value but never used                                                                                                                         no-unused-vars
  Line 127:30:   'setSelectedRankFilter' is assigned a value but never used                                                                                                                            no-unused-vars
  Line 212:6:    React Hook useEffect has missing dependencies: 'fetchAssessments', 'loadAssessmentById', and 'selectedStation'. Either include them or remove the dependency array                    react-hooks/exhaustive-deps
  Line 515:6:    React Hook useEffect has missing dependencies: 'fetchAssessments', 'loading', and 'selectedStation'. Either include them or remove the dependency array                               react-hooks/exhaustive-deps
  Line 727:6:    React Hook useEffect has a missing dependency: 'filterUsers'. Either include it or remove the dependency array                                                                        react-hooks/exhaustive-deps
  Line 793:6:    React Hook useEffect has missing dependencies: 'fetchAssessments', 'fetchStations', 'handleStationChange', and 'selectedStation'. Either include them or remove the dependency array  react-hooks/exhaustive-deps
  Line 823:6:    React Hook useEffect has a missing dependency: 'assessmentData'. Either include it or remove the dependency array                                                                     react-hooks/exhaustive-deps
  Line 1339:9:   'toggleRecipientGroup' is assigned a value but never used                                                                                                                             no-unused-vars
  Line 1371:9:   'toggleUserSelection' is assigned a value but never used                                                                                                                              no-unused-vars
  Line 1421:9:   'isUserSelected' is assigned a value but never used                                                                                                                                   no-unused-vars
  Line 1575:13:  'sendNotifications' is assigned a value but never used                                                                                                                                no-unused-vars
  Line 2248:9:   'RiskFactor' is assigned a value but never used                                                                                                                                       no-unused-vars

src/components/TodayLog.jsx
  Line 13:3:   'Calendar' is defined but never used                                                                                    no-unused-vars
  Line 18:3:   'Building' is defined but never used                                                                                    no-unused-vars
  Line 21:3:   'Edit3' is defined but never used                                                                                       no-unused-vars
  Line 24:3:   'Mic' is defined but never used                                                                                         no-unused-vars
  Line 25:3:   'Lock' is defined but never used                                                                                        no-unused-vars
  Line 261:6:  React Hook useEffect has a missing dependency: 'handleStationChange'. Either include it or remove the dependency array  react-hooks/exhaustive-deps

src/components/modals/StationModal.jsx
  Line 3:13:  'Plus' is defined but never used   no-unused-vars
  Line 3:19:  'Trash' is defined but never used  no-unused-vars

src/components/modals/UserModal.jsx
  Line 29:9:  'permissions' is assigned a value but never used             no-unused-vars
  Line 36:9:  'handlePermissionChange' is assigned a value but never used  no-unused-vars

src/utils/emailService.js
  Line 237:1:  Assign object to a variable before exporting as module default  import/no-anonymous-default-export

webpack compiled with 2 warnings
The build failed because the process exited too early. This probably means the system ran out of memory or someone called `kill -9` on the process.
